<?xml version="1.0" encoding="UTF-8"?>
<!-- Generated by org.testng.reporters.JUnitXMLReporter -->
<testsuite hostname="NaeemSiddiq" ignored="1" name="Special Islamic Days Page" tests="6" failures="2" timestamp="15 Feb 2018 06:05:34 GMT" time="181.781" errors="0">
  <testcase name="testSpecialIslamicDaysCardOnSpecialIslamicDays" time="66.464" classname="com.vdif.webautomation.specialislamicdays.TestSpecialIslamicDays">
    <skipped/>
  </testcase> <!-- testSpecialIslamicDaysCardOnSpecialIslamicDays -->
  <testcase name="testSpecialIslamicDaysCardOnSpecialIslamicDays" time="23.835" classname="com.vdif.webautomation.specialislamicdays.TestSpecialIslamicDays">
    <skipped/>
  </testcase> <!-- testSpecialIslamicDaysCardOnSpecialIslamicDays -->
  <testcase name="testSpecialIslamicDaysCardOnSpecialIslamicDays" time="32.314" classname="com.vdif.webautomation.specialislamicdays.TestSpecialIslamicDays">
    <failure type="org.openqa.selenium.NoSuchElementException" message="no such element: Unable to locate element: {&amp;quot;method&amp;quot;:&amp;quot;xpath&amp;quot;,&amp;quot;selector&amp;quot;:&amp;quot;//*[contains(@class,&amp;apos;fa-arrow-right&amp;apos;)]&amp;quot;}
  (Session info: chrome=62.0.3202.94)
  (Driver info: chromedriver=2.35.528161 (5b82f2d2aae0ca24b877009200ced9065a772e73),platform=Windows NT 10.0.16299 x86_64) (WARNING: The server did not provide any stacktrace information)
Command duration or timeout: 5.02 seconds
For documentation on this error, please visit: http://seleniumhq.org/exceptions/no_such_element.html
Build info: version: &amp;apos;2.43.1&amp;apos;, revision: &amp;apos;5163bceef1bc36d43f3dc0b83c88998168a363a0&amp;apos;, time: &amp;apos;2014-09-10 09:43:55&amp;apos;
System info: host: &amp;apos;NaeemSiddiq&amp;apos;, ip: &amp;apos;192.168.106.178&amp;apos;, os.name: &amp;apos;Windows 10&amp;apos;, os.arch: &amp;apos;amd64&amp;apos;, os.version: &amp;apos;10.0&amp;apos;, java.version: &amp;apos;1.8.0_144&amp;apos;
Driver info: org.openqa.selenium.chrome.ChromeDriver
Capabilities [{applicationCacheEnabled=false, rotatable=false, mobileEmulationEnabled=false, networkConnectionEnabled=false, chrome={chromedriverVersion=2.35.528161 (5b82f2d2aae0ca24b877009200ced9065a772e73), userDataDir=C:\Users\Sakhi\AppData\Local\Temp\scoped_dir6436_31509}, takesHeapSnapshot=true, pageLoadStrategy=normal, databaseEnabled=false, handlesAlerts=true, hasTouchScreen=false, version=62.0.3202.94, platform=XP, browserConnectionEnabled=false, nativeEvents=true, acceptSslCerts=false, acceptInsecureCerts=false, locationContextEnabled=true, webStorageEnabled=true, browserName=chrome, takesScreenshot=true, javascriptEnabled=true, cssSelectorsEnabled=true, setWindowRect=true, unexpectedAlertBehaviour=}]
Session ID: c6525612648d5b16054acab67f928626">
      <![CDATA[org.openqa.selenium.NoSuchElementException: no such element: Unable to locate element: {"method":"xpath","selector":"//*[contains(@class,'fa-arrow-right')]"}
  (Session info: chrome=62.0.3202.94)
  (Driver info: chromedriver=2.35.528161 (5b82f2d2aae0ca24b877009200ced9065a772e73),platform=Windows NT 10.0.16299 x86_64) (WARNING: The server did not provide any stacktrace information)
Command duration or timeout: 5.02 seconds
For documentation on this error, please visit: http://seleniumhq.org/exceptions/no_such_element.html
Build info: version: '2.43.1', revision: '5163bceef1bc36d43f3dc0b83c88998168a363a0', time: '2014-09-10 09:43:55'
System info: host: 'NaeemSiddiq', ip: '192.168.106.178', os.name: 'Windows 10', os.arch: 'amd64', os.version: '10.0', java.version: '1.8.0_144'
Driver info: org.openqa.selenium.chrome.ChromeDriver
Capabilities [{applicationCacheEnabled=false, rotatable=false, mobileEmulationEnabled=false, networkConnectionEnabled=false, chrome={chromedriverVersion=2.35.528161 (5b82f2d2aae0ca24b877009200ced9065a772e73), userDataDir=C:\Users\Sakhi\AppData\Local\Temp\scoped_dir6436_31509}, takesHeapSnapshot=true, pageLoadStrategy=normal, databaseEnabled=false, handlesAlerts=true, hasTouchScreen=false, version=62.0.3202.94, platform=XP, browserConnectionEnabled=false, nativeEvents=true, acceptSslCerts=false, acceptInsecureCerts=false, locationContextEnabled=true, webStorageEnabled=true, browserName=chrome, takesScreenshot=true, javascriptEnabled=true, cssSelectorsEnabled=true, setWindowRect=true, unexpectedAlertBehaviour=}]
Session ID: c6525612648d5b16054acab67f928626
	at org.openqa.selenium.remote.ErrorHandler.createThrowable(ErrorHandler.java:204)
	at org.openqa.selenium.remote.ErrorHandler.throwIfResponseFailed(ErrorHandler.java:156)
	at org.openqa.selenium.remote.RemoteWebDriver.execute(RemoteWebDriver.java:599)
	at org.openqa.selenium.remote.RemoteWebDriver.findElement(RemoteWebDriver.java:352)
	at org.openqa.selenium.remote.RemoteWebDriver.findElementByXPath(RemoteWebDriver.java:449)
	at org.openqa.selenium.By$ByXPath.findElement(By.java:357)
	at org.openqa.selenium.remote.RemoteWebDriver.findElement(RemoteWebDriver.java:344)
	at org.openqa.selenium.support.pagefactory.DefaultElementLocator.findElement(DefaultElementLocator.java:59)
	at org.openqa.selenium.support.pagefactory.internal.LocatingElementHandler.invoke(LocatingElementHandler.java:37)
	at com.sun.proxy.$Proxy7.click(Unknown Source)
	at com.vdif.webautomation.specialislamicdays.SpecialIslamicDaysComponent.clickArrowRight(SpecialIslamicDaysComponent.java:51)
	at com.vdif.webautomation.specialislamicdays.TestSpecialIslamicDays.testSpecialIslamicDaysCardOnSpecialIslamicDays(TestSpecialIslamicDays.java:64)
... Removed 29 stack frames]]>
    </failure>
  </testcase> <!-- testSpecialIslamicDaysCardOnSpecialIslamicDays -->
  <testcase name="testUpcomingEventsCardOnSpecialIslamicDaysPage" time="17.344" classname="com.vdif.webautomation.specialislamicdays.TestSpecialIslamicDays">
    <skipped/>
  </testcase> <!-- testUpcomingEventsCardOnSpecialIslamicDaysPage -->
  <testcase name="testUpcomingEventsCardOnSpecialIslamicDaysPage" time="15.8" classname="com.vdif.webautomation.specialislamicdays.TestSpecialIslamicDays">
    <skipped/>
  </testcase> <!-- testUpcomingEventsCardOnSpecialIslamicDaysPage -->
  <testcase name="testUpcomingEventsCardOnSpecialIslamicDaysPage" time="16.502" classname="com.vdif.webautomation.specialislamicdays.TestSpecialIslamicDays">
    <failure type="org.openqa.selenium.NoSuchElementException" message="no such element: Unable to locate element: {&amp;quot;method&amp;quot;:&amp;quot;xpath&amp;quot;,&amp;quot;selector&amp;quot;:&amp;quot;//p[contains(text(),&amp;apos;Upcoming Islamic Event&amp;apos;)]&amp;quot;}
  (Session info: chrome=62.0.3202.94)
  (Driver info: chromedriver=2.35.528161 (5b82f2d2aae0ca24b877009200ced9065a772e73),platform=Windows NT 10.0.16299 x86_64) (WARNING: The server did not provide any stacktrace information)
Command duration or timeout: 5.04 seconds
For documentation on this error, please visit: http://seleniumhq.org/exceptions/no_such_element.html
Build info: version: &amp;apos;2.43.1&amp;apos;, revision: &amp;apos;5163bceef1bc36d43f3dc0b83c88998168a363a0&amp;apos;, time: &amp;apos;2014-09-10 09:43:55&amp;apos;
System info: host: &amp;apos;NaeemSiddiq&amp;apos;, ip: &amp;apos;192.168.106.178&amp;apos;, os.name: &amp;apos;Windows 10&amp;apos;, os.arch: &amp;apos;amd64&amp;apos;, os.version: &amp;apos;10.0&amp;apos;, java.version: &amp;apos;1.8.0_144&amp;apos;
Driver info: org.openqa.selenium.chrome.ChromeDriver
Capabilities [{applicationCacheEnabled=false, rotatable=false, mobileEmulationEnabled=false, networkConnectionEnabled=false, chrome={chromedriverVersion=2.35.528161 (5b82f2d2aae0ca24b877009200ced9065a772e73), userDataDir=C:\Users\Sakhi\AppData\Local\Temp\scoped_dir6436_31509}, takesHeapSnapshot=true, pageLoadStrategy=normal, databaseEnabled=false, handlesAlerts=true, hasTouchScreen=false, version=62.0.3202.94, platform=XP, browserConnectionEnabled=false, nativeEvents=true, acceptSslCerts=false, acceptInsecureCerts=false, locationContextEnabled=true, webStorageEnabled=true, browserName=chrome, takesScreenshot=true, javascriptEnabled=true, cssSelectorsEnabled=true, setWindowRect=true, unexpectedAlertBehaviour=}]
Session ID: c6525612648d5b16054acab67f928626">
      <![CDATA[org.openqa.selenium.NoSuchElementException: no such element: Unable to locate element: {"method":"xpath","selector":"//p[contains(text(),'Upcoming Islamic Event')]"}
  (Session info: chrome=62.0.3202.94)
  (Driver info: chromedriver=2.35.528161 (5b82f2d2aae0ca24b877009200ced9065a772e73),platform=Windows NT 10.0.16299 x86_64) (WARNING: The server did not provide any stacktrace information)
Command duration or timeout: 5.04 seconds
For documentation on this error, please visit: http://seleniumhq.org/exceptions/no_such_element.html
Build info: version: '2.43.1', revision: '5163bceef1bc36d43f3dc0b83c88998168a363a0', time: '2014-09-10 09:43:55'
System info: host: 'NaeemSiddiq', ip: '192.168.106.178', os.name: 'Windows 10', os.arch: 'amd64', os.version: '10.0', java.version: '1.8.0_144'
Driver info: org.openqa.selenium.chrome.ChromeDriver
Capabilities [{applicationCacheEnabled=false, rotatable=false, mobileEmulationEnabled=false, networkConnectionEnabled=false, chrome={chromedriverVersion=2.35.528161 (5b82f2d2aae0ca24b877009200ced9065a772e73), userDataDir=C:\Users\Sakhi\AppData\Local\Temp\scoped_dir6436_31509}, takesHeapSnapshot=true, pageLoadStrategy=normal, databaseEnabled=false, handlesAlerts=true, hasTouchScreen=false, version=62.0.3202.94, platform=XP, browserConnectionEnabled=false, nativeEvents=true, acceptSslCerts=false, acceptInsecureCerts=false, locationContextEnabled=true, webStorageEnabled=true, browserName=chrome, takesScreenshot=true, javascriptEnabled=true, cssSelectorsEnabled=true, setWindowRect=true, unexpectedAlertBehaviour=}]
Session ID: c6525612648d5b16054acab67f928626
	at org.openqa.selenium.remote.ErrorHandler.createThrowable(ErrorHandler.java:204)
	at org.openqa.selenium.remote.ErrorHandler.throwIfResponseFailed(ErrorHandler.java:156)
	at org.openqa.selenium.remote.RemoteWebDriver.execute(RemoteWebDriver.java:599)
	at org.openqa.selenium.remote.RemoteWebDriver.findElement(RemoteWebDriver.java:352)
	at org.openqa.selenium.remote.RemoteWebDriver.findElementByXPath(RemoteWebDriver.java:449)
	at org.openqa.selenium.By$ByXPath.findElement(By.java:357)
	at org.openqa.selenium.remote.RemoteWebDriver.findElement(RemoteWebDriver.java:344)
	at org.openqa.selenium.support.pagefactory.DefaultElementLocator.findElement(DefaultElementLocator.java:59)
	at org.openqa.selenium.support.pagefactory.internal.LocatingElementHandler.invoke(LocatingElementHandler.java:37)
	at com.sun.proxy.$Proxy7.getText(Unknown Source)
	at com.vdif.webautomation.homepage.HomePageComponent.checkUpcomingEventText(HomePageComponent.java:302)
	at com.vdif.webautomation.HelperClass_Home_PrayerTime_IslamicCalendar_SpecialIslamicDays_LoginAndPrayerbook.testUpcomingEventsCard(HelperClass_Home_PrayerTime_IslamicCalendar_SpecialIslamicDays_LoginAndPrayerbook.java:84)
	at com.vdif.webautomation.specialislamicdays.TestSpecialIslamicDays.testUpcomingEventsCardOnSpecialIslamicDaysPage(TestSpecialIslamicDays.java:49)
... Removed 29 stack frames]]>
    </failure>
  </testcase> <!-- testUpcomingEventsCardOnSpecialIslamicDaysPage -->
  <testcase name="testAllIslamicEventsCardOnSpecialIslamicDays" time="0.0" classname="com.vdif.webautomation.specialislamicdays.TestSpecialIslamicDays">
    <ignored/>
  </testcase> <!-- testAllIslamicEventsCardOnSpecialIslamicDays -->
</testsuite> <!-- Special Islamic Days Page -->
