<?xml version="1.0" encoding="UTF-8"?>
<!-- Generated by org.testng.reporters.JUnitReportReporter -->
<testsuite skipped="6" hostname="NaeemSiddiq" name="com.vdif.webautomation.prayertimes.TestTop10CitiesGregorianMonthlyPrayerTimes" tests="16" failures="3" timestamp="06 Mar 2018 14:08:08 GMT" time="633.683" errors="0">
  <testcase name="testPrayerTimesInSydney" time="26.665" classname="com.vdif.webautomation.prayertimes.TestTop10CitiesGregorianMonthlyPrayerTimes">
    <skipped/>
  </testcase> <!-- testPrayerTimesInSydney -->
  <testcase name="testPrayerTimesInLondon" time="25.754" classname="com.vdif.webautomation.prayertimes.TestTop10CitiesGregorianMonthlyPrayerTimes">
    <skipped/>
  </testcase> <!-- testPrayerTimesInLondon -->
  <testcase name="testPrayerTimesInLondon" time="27.819" classname="com.vdif.webautomation.prayertimes.TestTop10CitiesGregorianMonthlyPrayerTimes">
    <failure type="java.lang.AssertionError" message="expected [25] but found [24]">
      <![CDATA[java.lang.AssertionError: expected [25] but found [24]
	at org.testng.Assert.fail(Assert.java:93)
	at org.testng.Assert.failNotEquals(Assert.java:512)
	at org.testng.Assert.assertEqualsImpl(Assert.java:134)
	at org.testng.Assert.assertEquals(Assert.java:115)
	at org.testng.Assert.assertEquals(Assert.java:189)
	at org.testng.Assert.assertEquals(Assert.java:199)
	at com.vdif.webautomation.prayertimes.PrayerTimesPageComponent.VerifyListOfMonth(PrayerTimesPageComponent.java:191)
	at com.vdif.webautomation.prayertimes.TestTop10CitiesGregorianMonthlyPrayerTimes.enterOtherField(TestTop10CitiesGregorianMonthlyPrayerTimes.java:504)
	at com.vdif.webautomation.prayertimes.TestTop10CitiesGregorianMonthlyPrayerTimes.testPrayerTimesInLondon(TestTop10CitiesGregorianMonthlyPrayerTimes.java:443)
	at sun.reflect.NativeMethodAccessorImpl.invoke0(Native Method)
	at sun.reflect.NativeMethodAccessorImpl.invoke(Unknown Source)
	at sun.reflect.DelegatingMethodAccessorImpl.invoke(Unknown Source)
	at java.lang.reflect.Method.invoke(Unknown Source)
	at org.testng.internal.MethodInvocationHelper.invokeMethod(MethodInvocationHelper.java:108)
	at org.testng.internal.Invoker.invokeMethod(Invoker.java:669)
	at org.testng.internal.Invoker.retryFailed(Invoker.java:1022)
	at org.testng.internal.Invoker.invokeTestMethods(Invoker.java:1223)
	at org.testng.internal.TestMethodWorker.invokeTestMethods(TestMethodWorker.java:125)
	at org.testng.internal.TestMethodWorker.run(TestMethodWorker.java:109)
	at org.testng.TestRunner.privateRun(TestRunner.java:776)
	at org.testng.TestRunner.run(TestRunner.java:634)
	at org.testng.SuiteRunner.runTest(SuiteRunner.java:425)
	at org.testng.SuiteRunner.runSequentially(SuiteRunner.java:420)
	at org.testng.SuiteRunner.privateRun(SuiteRunner.java:385)
	at org.testng.SuiteRunner.run(SuiteRunner.java:334)
	at org.testng.SuiteRunnerWorker.runSuite(SuiteRunnerWorker.java:52)
	at org.testng.SuiteRunnerWorker.run(SuiteRunnerWorker.java:86)
	at org.testng.TestNG.runSuitesSequentially(TestNG.java:1318)
	at org.testng.TestNG.runSuitesLocally(TestNG.java:1243)
	at org.testng.TestNG.runSuites(TestNG.java:1161)
	at org.testng.TestNG.run(TestNG.java:1129)
	at org.testng.remote.AbstractRemoteTestNG.run(AbstractRemoteTestNG.java:114)
	at org.testng.remote.RemoteTestNG.initAndRun(RemoteTestNG.java:251)
	at org.testng.remote.RemoteTestNG.main(RemoteTestNG.java:77)
]]>
    </failure>
  </testcase> <!-- testPrayerTimesInLondon -->
  <testcase name="testPrayerTimesInNewYork" time="56.125" classname="com.vdif.webautomation.prayertimes.TestTop10CitiesGregorianMonthlyPrayerTimes"/>
  <testcase name="testPrayerTimesInJeddah" time="56.371" classname="com.vdif.webautomation.prayertimes.TestTop10CitiesGregorianMonthlyPrayerTimes"/>
  <testcase name="testPrayerTimesInToronto" time="51.795" classname="com.vdif.webautomation.prayertimes.TestTop10CitiesGregorianMonthlyPrayerTimes"/>
  <testcase name="testPrayerTimesInRiyadh" time="55.126" classname="com.vdif.webautomation.prayertimes.TestTop10CitiesGregorianMonthlyPrayerTimes"/>
  <testcase name="testPrayerTimesInMelbourne" time="24.907" classname="com.vdif.webautomation.prayertimes.TestTop10CitiesGregorianMonthlyPrayerTimes">
    <failure type="java.lang.AssertionError" message="expected [24] but found [23]">
      <![CDATA[java.lang.AssertionError: expected [24] but found [23]
	at org.testng.Assert.fail(Assert.java:93)
	at org.testng.Assert.failNotEquals(Assert.java:512)
	at org.testng.Assert.assertEqualsImpl(Assert.java:134)
	at org.testng.Assert.assertEquals(Assert.java:115)
	at org.testng.Assert.assertEquals(Assert.java:189)
	at org.testng.Assert.assertEquals(Assert.java:199)
	at com.vdif.webautomation.prayertimes.PrayerTimesPageComponent.VerifyListOfMonth(PrayerTimesPageComponent.java:191)
	at com.vdif.webautomation.prayertimes.TestTop10CitiesGregorianMonthlyPrayerTimes.enterOtherField(TestTop10CitiesGregorianMonthlyPrayerTimes.java:504)
	at com.vdif.webautomation.prayertimes.TestTop10CitiesGregorianMonthlyPrayerTimes.testPrayerTimesInMelbourne(TestTop10CitiesGregorianMonthlyPrayerTimes.java:351)
	at sun.reflect.NativeMethodAccessorImpl.invoke0(Native Method)
	at sun.reflect.NativeMethodAccessorImpl.invoke(Unknown Source)
	at sun.reflect.DelegatingMethodAccessorImpl.invoke(Unknown Source)
	at java.lang.reflect.Method.invoke(Unknown Source)
	at org.testng.internal.MethodInvocationHelper.invokeMethod(MethodInvocationHelper.java:108)
	at org.testng.internal.Invoker.invokeMethod(Invoker.java:669)
	at org.testng.internal.Invoker.retryFailed(Invoker.java:1022)
	at org.testng.internal.Invoker.invokeTestMethods(Invoker.java:1223)
	at org.testng.internal.TestMethodWorker.invokeTestMethods(TestMethodWorker.java:125)
	at org.testng.internal.TestMethodWorker.run(TestMethodWorker.java:109)
	at org.testng.TestRunner.privateRun(TestRunner.java:776)
	at org.testng.TestRunner.run(TestRunner.java:634)
	at org.testng.SuiteRunner.runTest(SuiteRunner.java:425)
	at org.testng.SuiteRunner.runSequentially(SuiteRunner.java:420)
	at org.testng.SuiteRunner.privateRun(SuiteRunner.java:385)
	at org.testng.SuiteRunner.run(SuiteRunner.java:334)
	at org.testng.SuiteRunnerWorker.runSuite(SuiteRunnerWorker.java:52)
	at org.testng.SuiteRunnerWorker.run(SuiteRunnerWorker.java:86)
	at org.testng.TestNG.runSuitesSequentially(TestNG.java:1318)
	at org.testng.TestNG.runSuitesLocally(TestNG.java:1243)
	at org.testng.TestNG.runSuites(TestNG.java:1161)
	at org.testng.TestNG.run(TestNG.java:1129)
	at org.testng.remote.AbstractRemoteTestNG.run(AbstractRemoteTestNG.java:114)
	at org.testng.remote.RemoteTestNG.initAndRun(RemoteTestNG.java:251)
	at org.testng.remote.RemoteTestNG.main(RemoteTestNG.java:77)
]]>
    </failure>
  </testcase> <!-- testPrayerTimesInMelbourne -->
  <testcase name="testPrayerTimesInMelbourne" time="24.162" classname="com.vdif.webautomation.prayertimes.TestTop10CitiesGregorianMonthlyPrayerTimes">
    <skipped/>
  </testcase> <!-- testPrayerTimesInMelbourne -->
  <testcase name="testPrayerTimesInSydney" time="27.096" classname="com.vdif.webautomation.prayertimes.TestTop10CitiesGregorianMonthlyPrayerTimes">
    <failure type="java.lang.AssertionError" message="expected [24] but found [23]">
      <![CDATA[java.lang.AssertionError: expected [24] but found [23]
	at org.testng.Assert.fail(Assert.java:93)
	at org.testng.Assert.failNotEquals(Assert.java:512)
	at org.testng.Assert.assertEqualsImpl(Assert.java:134)
	at org.testng.Assert.assertEquals(Assert.java:115)
	at org.testng.Assert.assertEquals(Assert.java:189)
	at org.testng.Assert.assertEquals(Assert.java:199)
	at com.vdif.webautomation.prayertimes.PrayerTimesPageComponent.VerifyListOfMonth(PrayerTimesPageComponent.java:191)
	at com.vdif.webautomation.prayertimes.TestTop10CitiesGregorianMonthlyPrayerTimes.enterOtherField(TestTop10CitiesGregorianMonthlyPrayerTimes.java:504)
	at com.vdif.webautomation.prayertimes.TestTop10CitiesGregorianMonthlyPrayerTimes.testPrayerTimesInSydney(TestTop10CitiesGregorianMonthlyPrayerTimes.java:167)
	at sun.reflect.NativeMethodAccessorImpl.invoke0(Native Method)
	at sun.reflect.NativeMethodAccessorImpl.invoke(Unknown Source)
	at sun.reflect.DelegatingMethodAccessorImpl.invoke(Unknown Source)
	at java.lang.reflect.Method.invoke(Unknown Source)
	at org.testng.internal.MethodInvocationHelper.invokeMethod(MethodInvocationHelper.java:108)
	at org.testng.internal.Invoker.invokeMethod(Invoker.java:669)
	at org.testng.internal.Invoker.retryFailed(Invoker.java:1022)
	at org.testng.internal.Invoker.invokeTestMethods(Invoker.java:1223)
	at org.testng.internal.TestMethodWorker.invokeTestMethods(TestMethodWorker.java:125)
	at org.testng.internal.TestMethodWorker.run(TestMethodWorker.java:109)
	at org.testng.TestRunner.privateRun(TestRunner.java:776)
	at org.testng.TestRunner.run(TestRunner.java:634)
	at org.testng.SuiteRunner.runTest(SuiteRunner.java:425)
	at org.testng.SuiteRunner.runSequentially(SuiteRunner.java:420)
	at org.testng.SuiteRunner.privateRun(SuiteRunner.java:385)
	at org.testng.SuiteRunner.run(SuiteRunner.java:334)
	at org.testng.SuiteRunnerWorker.runSuite(SuiteRunnerWorker.java:52)
	at org.testng.SuiteRunnerWorker.run(SuiteRunnerWorker.java:86)
	at org.testng.TestNG.runSuitesSequentially(TestNG.java:1318)
	at org.testng.TestNG.runSuitesLocally(TestNG.java:1243)
	at org.testng.TestNG.runSuites(TestNG.java:1161)
	at org.testng.TestNG.run(TestNG.java:1129)
	at org.testng.remote.AbstractRemoteTestNG.run(AbstractRemoteTestNG.java:114)
	at org.testng.remote.RemoteTestNG.initAndRun(RemoteTestNG.java:251)
	at org.testng.remote.RemoteTestNG.main(RemoteTestNG.java:77)
]]>
    </failure>
  </testcase> <!-- testPrayerTimesInSydney -->
  <testcase name="testPrayerTimesInMelbourne" time="23.696" classname="com.vdif.webautomation.prayertimes.TestTop10CitiesGregorianMonthlyPrayerTimes">
    <skipped/>
  </testcase> <!-- testPrayerTimesInMelbourne -->
  <testcase name="testPrayerTimesInSydney" time="28.909" classname="com.vdif.webautomation.prayertimes.TestTop10CitiesGregorianMonthlyPrayerTimes">
    <skipped/>
  </testcase> <!-- testPrayerTimesInSydney -->
  <testcase name="testPrayerTimesInKualaLumpur" time="53.357" classname="com.vdif.webautomation.prayertimes.TestTop10CitiesGregorianMonthlyPrayerTimes"/>
  <testcase name="testPrayerTimesInDoha" time="69.825" classname="com.vdif.webautomation.prayertimes.TestTop10CitiesGregorianMonthlyPrayerTimes"/>
  <testcase name="testPrayerTimesInParis" time="54.952" classname="com.vdif.webautomation.prayertimes.TestTop10CitiesGregorianMonthlyPrayerTimes"/>
  <testcase name="testPrayerTimesInLondon" time="27.124" classname="com.vdif.webautomation.prayertimes.TestTop10CitiesGregorianMonthlyPrayerTimes">
    <skipped/>
  </testcase> <!-- testPrayerTimesInLondon -->
</testsuite> <!-- com.vdif.webautomation.prayertimes.TestTop10CitiesGregorianMonthlyPrayerTimes -->
