<?xml version="1.0" encoding="UTF-8"?>
<!-- Generated by org.testng.reporters.JUnitReportReporter -->
<testsuite skipped="2" hostname="NaeemSiddiq" name="com.vdif.webautomation.prayertimes.TestTop3CitiesHijriPrayerTimes" tests="5" failures="1" timestamp="06 Mar 2018 14:08:08 GMT" time="248.872" errors="0">
  <testcase name="testHijriPrayerTimesInSydney" time="36.141" classname="com.vdif.webautomation.prayertimes.TestTop3CitiesHijriPrayerTimes">
    <failure type="java.lang.AssertionError" message="expected [7] but found [8]">
      <![CDATA[java.lang.AssertionError: expected [7] but found [8]
	at org.testng.Assert.fail(Assert.java:93)
	at org.testng.Assert.failNotEquals(Assert.java:512)
	at org.testng.Assert.assertEqualsImpl(Assert.java:134)
	at org.testng.Assert.assertEquals(Assert.java:115)
	at org.testng.Assert.assertEquals(Assert.java:189)
	at org.testng.Assert.assertEquals(Assert.java:199)
	at com.vdif.webautomation.prayertimes.PrayerTimesPageComponent.VerifyListOfMonth(PrayerTimesPageComponent.java:191)
	at com.vdif.webautomation.prayertimes.TestTop3CitiesHijriPrayerTimes.enterOtherField(TestTop3CitiesHijriPrayerTimes.java:178)
	at com.vdif.webautomation.prayertimes.TestTop3CitiesHijriPrayerTimes.testHijriPrayerTimesInSydney(TestTop3CitiesHijriPrayerTimes.java:159)
	at sun.reflect.NativeMethodAccessorImpl.invoke0(Native Method)
	at sun.reflect.NativeMethodAccessorImpl.invoke(Unknown Source)
	at sun.reflect.DelegatingMethodAccessorImpl.invoke(Unknown Source)
	at java.lang.reflect.Method.invoke(Unknown Source)
	at org.testng.internal.MethodInvocationHelper.invokeMethod(MethodInvocationHelper.java:108)
	at org.testng.internal.Invoker.invokeMethod(Invoker.java:669)
	at org.testng.internal.Invoker.retryFailed(Invoker.java:1022)
	at org.testng.internal.Invoker.invokeTestMethods(Invoker.java:1223)
	at org.testng.internal.TestMethodWorker.invokeTestMethods(TestMethodWorker.java:125)
	at org.testng.internal.TestMethodWorker.run(TestMethodWorker.java:109)
	at org.testng.TestRunner.privateRun(TestRunner.java:776)
	at org.testng.TestRunner.run(TestRunner.java:634)
	at org.testng.SuiteRunner.runTest(SuiteRunner.java:425)
	at org.testng.SuiteRunner.runSequentially(SuiteRunner.java:420)
	at org.testng.SuiteRunner.privateRun(SuiteRunner.java:385)
	at org.testng.SuiteRunner.run(SuiteRunner.java:334)
	at org.testng.SuiteRunnerWorker.runSuite(SuiteRunnerWorker.java:52)
	at org.testng.SuiteRunnerWorker.run(SuiteRunnerWorker.java:86)
	at org.testng.TestNG.runSuitesSequentially(TestNG.java:1318)
	at org.testng.TestNG.runSuitesLocally(TestNG.java:1243)
	at org.testng.TestNG.runSuites(TestNG.java:1161)
	at org.testng.TestNG.run(TestNG.java:1129)
	at org.testng.remote.AbstractRemoteTestNG.run(AbstractRemoteTestNG.java:114)
	at org.testng.remote.RemoteTestNG.initAndRun(RemoteTestNG.java:251)
	at org.testng.remote.RemoteTestNG.main(RemoteTestNG.java:77)
]]>
    </failure>
  </testcase> <!-- testHijriPrayerTimesInSydney -->
  <testcase name="testHijriPrayerTimesInNewYork" time="76.628" classname="com.vdif.webautomation.prayertimes.TestTop3CitiesHijriPrayerTimes"/>
  <testcase name="testHijriPrayerTimesInRiyadh" time="62.297" classname="com.vdif.webautomation.prayertimes.TestTop3CitiesHijriPrayerTimes"/>
  <testcase name="testHijriPrayerTimesInSydney" time="37.433" classname="com.vdif.webautomation.prayertimes.TestTop3CitiesHijriPrayerTimes">
    <skipped/>
  </testcase> <!-- testHijriPrayerTimesInSydney -->
  <testcase name="testHijriPrayerTimesInSydney" time="36.373" classname="com.vdif.webautomation.prayertimes.TestTop3CitiesHijriPrayerTimes">
    <skipped/>
  </testcase> <!-- testHijriPrayerTimesInSydney -->
</testsuite> <!-- com.vdif.webautomation.prayertimes.TestTop3CitiesHijriPrayerTimes -->
